<?xml version="1.0" encoding="UTF-8"?>
<!-- Generated by org.testng.reporters.JUnitXMLReporter -->
<testsuite hostname="sov.local" ignored="0" name="Default test" tests="11" failures="0" timestamp="21 Aug 2018 21:07:47 GMT" time="33.144" errors="0">
  <testcase name="verifyLoginPage" time="3.879" classname="com.Bonify.testcases.BonifyMemberLoginLogoutSignUpTest"/>
  <testcase name="verifySuccessfulLogin" time="1.585" classname="com.Bonify.testcases.BonifyMemberLoginLogoutSignUpTest"/>
  <testcase name="verifySuccessfulLogout" time="1.377" classname="com.Bonify.testcases.BonifyMemberLoginLogoutSignUpTest"/>
  <testcase name="verifyRegistrationPage" time="8.147" classname="com.Bonify.testcases.BonifyMemberLoginLogoutSignUpTest"/>
  <testcase name="verifyBlankEmailId" time="0.439" classname="com.Bonify.testcases.BonifyMemberLoginLogoutSignUpTest"/>
  <testcase name="verifyBlankPassword" time="0.382" classname="com.Bonify.testcases.BonifyMemberLoginLogoutSignUpTest"/>
  <testcase name="verifyBlankEmailPassword" time="0.243" classname="com.Bonify.testcases.BonifyMemberLoginLogoutSignUpTest"/>
  <testcase name="verifyInvalidEmail" time="0.285" classname="com.Bonify.testcases.BonifyMemberLoginLogoutSignUpTest"/>
  <testcase name="verifyInvalidPassword" time="0.216" classname="com.Bonify.testcases.BonifyMemberLoginLogoutSignUpTest"/>
  <testcase name="verifyUserRegistrationStepOne" time="0.503" classname="com.Bonify.testcases.BonifyMemberLoginLogoutSignUpTest"/>
  <testcase name="verifyUserRegistrationStepTwo" time="1.028" classname="com.Bonify.testcases.BonifyMemberLoginLogoutSignUpTest"/>
</testsuite> <!-- Default test -->
