<?xml version="1.0" encoding="UTF-8"?>
<!-- Generated by org.testng.reporters.JUnitXMLReporter -->
<testsuite hostname="sov.local" ignored="0" name="Default test" tests="11" failures="0" timestamp="21 Aug 2018 20:44:35 GMT" time="28.295" errors="0">
  <testcase name="verifyLoginPage" time="4.345" classname="com.Bonify.testcases.BonifyMemberLoginLogoutSignUpTest"/>
  <testcase name="verifySuccessfulLogin" time="1.584" classname="com.Bonify.testcases.BonifyMemberLoginLogoutSignUpTest"/>
  <testcase name="verifySuccessfulLogout" time="1.384" classname="com.Bonify.testcases.BonifyMemberLoginLogoutSignUpTest"/>
  <testcase name="verifyRegistrationPage" time="3.071" classname="com.Bonify.testcases.BonifyMemberLoginLogoutSignUpTest"/>
  <testcase name="verifyBlankEmailId" time="0.368" classname="com.Bonify.testcases.BonifyMemberLoginLogoutSignUpTest"/>
  <testcase name="verifyBlankPassword" time="0.388" classname="com.Bonify.testcases.BonifyMemberLoginLogoutSignUpTest"/>
  <testcase name="verifyBlankEmailPassword" time="0.193" classname="com.Bonify.testcases.BonifyMemberLoginLogoutSignUpTest"/>
  <testcase name="verifyInvalidEmail" time="0.246" classname="com.Bonify.testcases.BonifyMemberLoginLogoutSignUpTest"/>
  <testcase name="verifyInvalidPassword" time="0.203" classname="com.Bonify.testcases.BonifyMemberLoginLogoutSignUpTest"/>
  <testcase name="verifyUserRegistrationStepOne" time="0.475" classname="com.Bonify.testcases.BonifyMemberLoginLogoutSignUpTest"/>
  <testcase name="verifyUserRegistrationStepTwo" time="0.88" classname="com.Bonify.testcases.BonifyMemberLoginLogoutSignUpTest"/>
</testsuite> <!-- Default test -->
