<?xml version="1.0" encoding="UTF-8"?>
<testng-results skipped="0" failed="0" ignored="0" total="1" passed="1">
  <reporter-output>
  </reporter-output>
  <suite name="Default suite" duration-ms="33330" started-at="2018-06-28T17:03:04Z" finished-at="2018-06-28T17:03:37Z">
    <groups>
    </groups>
    <test name="Default test" duration-ms="33330" started-at="2018-06-28T17:03:04Z" finished-at="2018-06-28T17:03:37Z">
      <class name="com.Zopa.testcases.ZopaMemberSignUpTest">
        <test-method status="PASS" signature="initialization()[pri:0, instance:com.Zopa.testcases.ZopaMemberSignUpTest@cc285f4]" name="initialization" is-config="true" duration-ms="386" started-at="2018-06-28T22:33:03Z" finished-at="2018-06-28T22:33:04Z">
          <reporter-output>
          </reporter-output>
        </test-method> <!-- initialization -->
        <test-method status="PASS" signature="invokeBrowser()[pri:0, instance:com.Zopa.testcases.ZopaMemberSignUpTest@cc285f4]" name="invokeBrowser" is-config="true" duration-ms="10973" started-at="2018-06-28T22:33:04Z" finished-at="2018-06-28T22:33:15Z">
          <reporter-output>
          </reporter-output>
        </test-method> <!-- invokeBrowser -->
        <test-method status="PASS" signature="verifyUserSignUp(java.lang.String, java.lang.String, java.lang.String, java.lang.String, java.lang.String, java.lang.String, java.lang.String, java.lang.String, java.lang.String)[pri:0, instance:com.Zopa.testcases.ZopaMemberSignUpTest@cc285f4]" name="verifyUserSignUp" duration-ms="21582" started-at="2018-06-28T22:33:15Z" data-provider="getData" finished-at="2018-06-28T22:33:36Z">
          <params>
            <param index="0">
              <value>
                <![CDATA[abc1530205395095@gmail.com]]>
              </value>
            </param>
            <param index="1">
              <value>
                <![CDATA[Shilpa]]>
              </value>
            </param>
            <param index="2">
              <value>
                <![CDATA[Sachdeva]]>
              </value>
            </param>
            <param index="3">
              <value>
                <![CDATA[+44 20 7234 3456]]>
              </value>
            </param>
            <param index="4">
              <value>
                <![CDATA[17-6-1932]]>
              </value>
            </param>
            <param index="5">
              <value>
                <![CDATA[M11 1EQ]]>
              </value>
            </param>
            <param index="6">
              <value>
                <![CDATA[8545834]]>
              </value>
            </param>
            <param index="7">
              <value>
                <![CDATA[58734]]>
              </value>
            </param>
            <param index="8">
              <value>
                <![CDATA[Pass@1234]]>
              </value>
            </param>
          </params>
          <reporter-output>
          </reporter-output>
        </test-method> <!-- verifyUserSignUp -->
        <test-method status="PASS" signature="afterAMethod(org.testng.ITestResult)[pri:0, instance:com.Zopa.testcases.ZopaMemberSignUpTest@cc285f4]" name="afterAMethod" is-config="true" duration-ms="2" started-at="2018-06-28T22:33:36Z" finished-at="2018-06-28T22:33:36Z">
          <params>
            <param index="0">
              <value>
                <![CDATA[[TestResult name=verifyUserSignUp status=SUCCESS method=ZopaMemberSignUpTest.verifyUserSignUp(java.lang.String, java.lang.String, java.lang.String, java.lang.String, java.lang.String, java.lang.String, java.lang.String, java.lang.String, java.lang.String)[pri:0, instance:com.Zopa.testcases.ZopaMemberSignUpTest@cc285f4] output={null}]]]>
              </value>
            </param>
          </params>
          <reporter-output>
          </reporter-output>
        </test-method> <!-- afterAMethod -->
        <test-method status="PASS" signature="closeBrowser()[pri:0, instance:com.Zopa.testcases.ZopaMemberSignUpTest@cc285f4]" name="closeBrowser" is-config="true" duration-ms="724" started-at="2018-06-28T22:33:36Z" finished-at="2018-06-28T22:33:37Z">
          <reporter-output>
          </reporter-output>
        </test-method> <!-- closeBrowser -->
        <test-method status="PASS" signature="cleanup()[pri:0, instance:com.Zopa.testcases.ZopaMemberSignUpTest@cc285f4]" name="cleanup" is-config="true" duration-ms="479" started-at="2018-06-28T22:33:37Z" finished-at="2018-06-28T22:33:37Z">
          <reporter-output>
          </reporter-output>
        </test-method> <!-- cleanup -->
      </class> <!-- com.Zopa.testcases.ZopaMemberSignUpTest -->
    </test> <!-- Default test -->
  </suite> <!-- Default suite -->
</testng-results>
