<?xml version="1.0" encoding="UTF-8"?>
<!-- Generated by org.testng.reporters.JUnitXMLReporter -->
<testsuite hostname="IKA-56474448" ignored="0" name="Test" tests="11" failures="0" timestamp="21 Aug 2018 15:47:38 GMT" time="27.145" errors="0">
  <testcase name="verifyLoginPage" time="2.944" classname="com.Bonify.testcases.BonifyMemberLoginLogoutSignUpTest"/>
  <testcase name="verifySuccessfulLogin" time="2.592" classname="com.Bonify.testcases.BonifyMemberLoginLogoutSignUpTest"/>
  <testcase name="verifySuccessfulLogout" time="1.813" classname="com.Bonify.testcases.BonifyMemberLoginLogoutSignUpTest"/>
  <testcase name="verifyRegistrationPage" time="3.593" classname="com.Bonify.testcases.BonifyMemberLoginLogoutSignUpTest"/>
  <testcase name="verifyBlankEmailId" time="0.535" classname="com.Bonify.testcases.BonifyMemberLoginLogoutSignUpTest"/>
  <testcase name="verifyBlankPassword" time="0.699" classname="com.Bonify.testcases.BonifyMemberLoginLogoutSignUpTest"/>
  <testcase name="verifyBlankEmailPassword" time="0.406" classname="com.Bonify.testcases.BonifyMemberLoginLogoutSignUpTest"/>
  <testcase name="verifyInvalidEmail" time="0.479" classname="com.Bonify.testcases.BonifyMemberLoginLogoutSignUpTest"/>
  <testcase name="verifyInvalidPassword" time="0.43" classname="com.Bonify.testcases.BonifyMemberLoginLogoutSignUpTest"/>
  <testcase name="verifyUserRegistrationStepOne" time="0.802" classname="com.Bonify.testcases.BonifyMemberLoginLogoutSignUpTest"/>
  <testcase name="verifyUserRegistrationStepTwo" time="1.281" classname="com.Bonify.testcases.BonifyMemberLoginLogoutSignUpTest"/>
</testsuite> <!-- Test -->
